{"S:\\BYU\\CSE341\\cse341-project2\\server.js": {"path":"S:\\BYU\\CSE341\\cse341-project2\\server.js","statementMap":{"0":{"start":{"line":1,"column":16},"end":{"line":1,"column":34}},"1":{"start":{"line":2,"column":12},"end":{"line":2,"column":21}},"2":{"start":{"line":3,"column":14},"end":{"line":3,"column":33}},"3":{"start":{"line":4,"column":16},"end":{"line":4,"column":56}},"4":{"start":{"line":5,"column":19},"end":{"line":5,"column":41}},"5":{"start":{"line":6,"column":16},"end":{"line":6,"column":42}},"6":{"start":{"line":7,"column":19},"end":{"line":7,"column":43}},"7":{"start":{"line":8,"column":17},"end":{"line":8,"column":36}},"8":{"start":{"line":9,"column":22},"end":{"line":9,"column":64}},"9":{"start":{"line":11,"column":13},"end":{"line":11,"column":37}},"10":{"start":{"line":12,"column":0},"end":{"line":12,"column":26}},"11":{"start":{"line":13,"column":0},"end":{"line":13,"column":29}},"12":{"start":{"line":14,"column":0},"end":{"line":22,"column":2}},"13":{"start":{"line":15,"column":4},"end":{"line":15,"column":54}},"14":{"start":{"line":16,"column":4},"end":{"line":19,"column":6}},"15":{"start":{"line":20,"column":4},"end":{"line":20,"column":84}},"16":{"start":{"line":21,"column":4},"end":{"line":21,"column":11}},"17":{"start":{"line":25,"column":0},"end":{"line":25,"column":24}},"18":{"start":{"line":26,"column":0},"end":{"line":26,"column":49}},"19":{"start":{"line":27,"column":0},"end":{"line":31,"column":4}},"20":{"start":{"line":32,"column":0},"end":{"line":32,"column":19}},"21":{"start":{"line":33,"column":0},"end":{"line":33,"column":28}},"22":{"start":{"line":35,"column":0},"end":{"line":42,"column":2}},"23":{"start":{"line":36,"column":4},"end":{"line":41,"column":5}},"24":{"start":{"line":37,"column":8},"end":{"line":37,"column":24}},"25":{"start":{"line":40,"column":8},"end":{"line":40,"column":71}},"26":{"start":{"line":40,"column":31},"end":{"line":40,"column":69}},"27":{"start":{"line":44,"column":0},"end":{"line":44,"column":20}}},"fnMap":{"0":{"name":"(anonymous_0)","decl":{"start":{"line":14,"column":8},"end":{"line":14,"column":9}},"loc":{"start":{"line":14,"column":27},"end":{"line":22,"column":1}},"line":14},"1":{"name":"(anonymous_1)","decl":{"start":{"line":35,"column":15},"end":{"line":35,"column":16}},"loc":{"start":{"line":35,"column":24},"end":{"line":42,"column":1}},"line":35},"2":{"name":"(anonymous_2)","decl":{"start":{"line":40,"column":25},"end":{"line":40,"column":26}},"loc":{"start":{"line":40,"column":30},"end":{"line":40,"column":70}},"line":40}},"branchMap":{"0":{"loc":{"start":{"line":11,"column":13},"end":{"line":11,"column":37}},"type":"binary-expr","locations":[{"start":{"line":11,"column":13},"end":{"line":11,"column":29}},{"start":{"line":11,"column":33},"end":{"line":11,"column":37}}],"line":11},"1":{"loc":{"start":{"line":36,"column":4},"end":{"line":41,"column":5}},"type":"if","locations":[{"start":{"line":36,"column":4},"end":{"line":41,"column":5}},{"start":{"line":39,"column":8},"end":{"line":41,"column":5}}],"line":36}},"s":{"0":2,"1":2,"2":2,"3":2,"4":2,"5":2,"6":2,"7":2,"8":2,"9":2,"10":2,"11":2,"12":2,"13":1,"14":1,"15":1,"16":1,"17":2,"18":2,"19":2,"20":2,"21":2,"22":2,"23":0,"24":0,"25":0,"26":0,"27":2},"f":{"0":1,"1":0,"2":0},"b":{"0":[2,2],"1":[0,0]},"_coverageSchema":"1a1c01bbd47fc00a2c39e90264f33305004495a9","hash":"7a2e8aa2bd2dc5c8bdf2e58df5c8b2fef4a3997e"}
,"S:\\BYU\\CSE341\\cse341-project2\\validator.js": {"path":"S:\\BYU\\CSE341\\cse341-project2\\validator.js","statementMap":{"0":{"start":{"line":1,"column":35},"end":{"line":1,"column":63}},"1":{"start":{"line":3,"column":24},"end":{"line":13,"column":1}},"2":{"start":{"line":6,"column":4},"end":{"line":9,"column":5}},"3":{"start":{"line":15,"column":18},"end":{"line":35,"column":1}},"4":{"start":{"line":16,"column":4},"end":{"line":16,"column":54}},"5":{"start":{"line":17,"column":19},"end":{"line":17,"column":40}},"6":{"start":{"line":19,"column":4},"end":{"line":19,"column":23}},"7":{"start":{"line":21,"column":4},"end":{"line":24,"column":5}},"8":{"start":{"line":22,"column":8},"end":{"line":22,"column":41}},"9":{"start":{"line":23,"column":8},"end":{"line":23,"column":21}},"10":{"start":{"line":26,"column":28},"end":{"line":26,"column":30}},"11":{"start":{"line":28,"column":4},"end":{"line":28,"column":73}},"12":{"start":{"line":28,"column":30},"end":{"line":28,"column":72}},"13":{"start":{"line":30,"column":4},"end":{"line":30,"column":55}},"14":{"start":{"line":32,"column":4},"end":{"line":34,"column":6}},"15":{"start":{"line":37,"column":0},"end":{"line":37,"column":44}}},"fnMap":{"0":{"name":"(anonymous_0)","decl":{"start":{"line":3,"column":24},"end":{"line":3,"column":25}},"loc":{"start":{"line":3,"column":30},"end":{"line":13,"column":1}},"line":3},"1":{"name":"(anonymous_1)","decl":{"start":{"line":15,"column":18},"end":{"line":15,"column":19}},"loc":{"start":{"line":15,"column":37},"end":{"line":35,"column":1}},"line":15},"2":{"name":"(anonymous_2)","decl":{"start":{"line":28,"column":23},"end":{"line":28,"column":24}},"loc":{"start":{"line":28,"column":30},"end":{"line":28,"column":72}},"line":28}},"branchMap":{"0":{"loc":{"start":{"line":21,"column":4},"end":{"line":24,"column":5}},"type":"if","locations":[{"start":{"line":21,"column":4},"end":{"line":24,"column":5}},{"start":{},"end":{}}],"line":21}},"s":{"0":2,"1":2,"2":4,"3":2,"4":0,"5":0,"6":0,"7":0,"8":0,"9":0,"10":0,"11":0,"12":0,"13":0,"14":0,"15":2},"f":{"0":4,"1":0,"2":0},"b":{"0":[0,0]},"_coverageSchema":"1a1c01bbd47fc00a2c39e90264f33305004495a9","hash":"73facab145afc5d795c9956b6cd4e1d5fd3626a8"}
,"S:\\BYU\\CSE341\\cse341-project2\\controller\\auth.js": {"path":"S:\\BYU\\CSE341\\cse341-project2\\controller\\auth.js","statementMap":{"0":{"start":{"line":1,"column":17},"end":{"line":1,"column":36}},"1":{"start":{"line":3,"column":13},"end":{"line":3,"column":15}},"2":{"start":{"line":6,"column":0},"end":{"line":13,"column":1}},"3":{"start":{"line":7,"column":4},"end":{"line":12,"column":5}},"4":{"start":{"line":9,"column":8},"end":{"line":9,"column":27}},"5":{"start":{"line":11,"column":8},"end":{"line":11,"column":63}},"6":{"start":{"line":16,"column":0},"end":{"line":22,"column":2}},"7":{"start":{"line":17,"column":4},"end":{"line":21,"column":5}},"8":{"start":{"line":18,"column":8},"end":{"line":18,"column":28}},"9":{"start":{"line":20,"column":8},"end":{"line":20,"column":70}},"10":{"start":{"line":25,"column":0},"end":{"line":31,"column":2}},"11":{"start":{"line":26,"column":4},"end":{"line":30,"column":5}},"12":{"start":{"line":27,"column":8},"end":{"line":27,"column":27}},"13":{"start":{"line":29,"column":8},"end":{"line":29,"column":71}},"14":{"start":{"line":34,"column":0},"end":{"line":40,"column":2}},"15":{"start":{"line":35,"column":4},"end":{"line":39,"column":5}},"16":{"start":{"line":36,"column":8},"end":{"line":36,"column":37}},"17":{"start":{"line":38,"column":8},"end":{"line":38,"column":69}},"18":{"start":{"line":43,"column":0},"end":{"line":45,"column":3}},"19":{"start":{"line":48,"column":0},"end":{"line":59,"column":2}},"20":{"start":{"line":49,"column":4},"end":{"line":58,"column":5}},"21":{"start":{"line":50,"column":8},"end":{"line":55,"column":9}},"22":{"start":{"line":52,"column":12},"end":{"line":52,"column":55}},"23":{"start":{"line":54,"column":12},"end":{"line":54,"column":35}},"24":{"start":{"line":57,"column":8},"end":{"line":57,"column":74}},"25":{"start":{"line":62,"column":0},"end":{"line":73,"column":2}},"26":{"start":{"line":63,"column":4},"end":{"line":72,"column":5}},"27":{"start":{"line":64,"column":8},"end":{"line":69,"column":9}},"28":{"start":{"line":66,"column":12},"end":{"line":66,"column":55}},"29":{"start":{"line":68,"column":12},"end":{"line":68,"column":35}},"30":{"start":{"line":71,"column":8},"end":{"line":71,"column":74}},"31":{"start":{"line":75,"column":0},"end":{"line":75,"column":22}}},"fnMap":{"0":{"name":"(anonymous_0)","decl":{"start":{"line":6,"column":17},"end":{"line":6,"column":18}},"loc":{"start":{"line":6,"column":43},"end":{"line":13,"column":1}},"line":6},"1":{"name":"(anonymous_1)","decl":{"start":{"line":16,"column":17},"end":{"line":16,"column":18}},"loc":{"start":{"line":16,"column":37},"end":{"line":22,"column":1}},"line":16},"2":{"name":"(anonymous_2)","decl":{"start":{"line":25,"column":18},"end":{"line":25,"column":19}},"loc":{"start":{"line":25,"column":44},"end":{"line":31,"column":1}},"line":25},"3":{"name":"(anonymous_3)","decl":{"start":{"line":34,"column":19},"end":{"line":34,"column":20}},"loc":{"start":{"line":34,"column":45},"end":{"line":40,"column":1}},"line":34},"4":{"name":"(anonymous_4)","decl":{"start":{"line":48,"column":28},"end":{"line":48,"column":29}},"loc":{"start":{"line":48,"column":48},"end":{"line":59,"column":1}},"line":48},"5":{"name":"(anonymous_5)","decl":{"start":{"line":62,"column":28},"end":{"line":62,"column":29}},"loc":{"start":{"line":62,"column":48},"end":{"line":73,"column":1}},"line":62}},"branchMap":{"0":{"loc":{"start":{"line":50,"column":8},"end":{"line":55,"column":9}},"type":"if","locations":[{"start":{"line":50,"column":8},"end":{"line":55,"column":9}},{"start":{"line":53,"column":15},"end":{"line":55,"column":9}}],"line":50},"1":{"loc":{"start":{"line":64,"column":8},"end":{"line":69,"column":9}},"type":"if","locations":[{"start":{"line":64,"column":8},"end":{"line":69,"column":9}},{"start":{"line":67,"column":15},"end":{"line":69,"column":9}}],"line":64}},"s":{"0":2,"1":2,"2":2,"3":0,"4":0,"5":0,"6":2,"7":0,"8":0,"9":0,"10":2,"11":0,"12":0,"13":0,"14":2,"15":0,"16":0,"17":0,"18":2,"19":2,"20":0,"21":0,"22":0,"23":0,"24":0,"25":2,"26":0,"27":0,"28":0,"29":0,"30":0,"31":2},"f":{"0":0,"1":0,"2":0,"3":0,"4":0,"5":0},"b":{"0":[0,0],"1":[0,0]},"_coverageSchema":"1a1c01bbd47fc00a2c39e90264f33305004495a9","hash":"82ad7584d13a837d011c69c5d021dcc5636ddb6f"}
,"S:\\BYU\\CSE341\\cse341-project2\\controller\\project2.js": {"path":"S:\\BYU\\CSE341\\cse341-project2\\controller\\project2.js","statementMap":{"0":{"start":{"line":1,"column":20},"end":{"line":1,"column":39}},"1":{"start":{"line":2,"column":16},"end":{"line":2,"column":57}},"2":{"start":{"line":3,"column":21},"end":{"line":3,"column":39}},"3":{"start":{"line":5,"column":16},"end":{"line":5,"column":18}},"4":{"start":{"line":7,"column":21},"end":{"line":7,"column":30}},"5":{"start":{"line":9,"column":20},"end":{"line":9,"column":28}},"6":{"start":{"line":11,"column":0},"end":{"line":14,"column":1}},"7":{"start":{"line":13,"column":3},"end":{"line":13,"column":27}},"8":{"start":{"line":16,"column":0},"end":{"line":29,"column":1}},"9":{"start":{"line":18,"column":4},"end":{"line":28,"column":5}},"10":{"start":{"line":19,"column":24},"end":{"line":19,"column":84}},"11":{"start":{"line":20,"column":4},"end":{"line":24,"column":6}},"12":{"start":{"line":21,"column":8},"end":{"line":21,"column":28}},"13":{"start":{"line":22,"column":8},"end":{"line":22,"column":57}},"14":{"start":{"line":23,"column":8},"end":{"line":23,"column":38}},"15":{"start":{"line":26,"column":8},"end":{"line":26,"column":39}},"16":{"start":{"line":27,"column":8},"end":{"line":27,"column":98}},"17":{"start":{"line":31,"column":0},"end":{"line":52,"column":1}},"18":{"start":{"line":33,"column":4},"end":{"line":51,"column":5}},"19":{"start":{"line":34,"column":27},"end":{"line":34,"column":40}},"20":{"start":{"line":35,"column":19},"end":{"line":35,"column":59}},"21":{"start":{"line":36,"column":4},"end":{"line":36,"column":23}},"22":{"start":{"line":37,"column":20},"end":{"line":37,"column":95}},"23":{"start":{"line":38,"column":4},"end":{"line":40,"column":5}},"24":{"start":{"line":39,"column":8},"end":{"line":39,"column":68}},"25":{"start":{"line":41,"column":4},"end":{"line":41,"column":25}},"26":{"start":{"line":42,"column":4},"end":{"line":47,"column":5}},"27":{"start":{"line":43,"column":8},"end":{"line":43,"column":28}},"28":{"start":{"line":44,"column":8},"end":{"line":44,"column":57}},"29":{"start":{"line":45,"column":8},"end":{"line":45,"column":38}},"30":{"start":{"line":49,"column":8},"end":{"line":49,"column":26}},"31":{"start":{"line":50,"column":8},"end":{"line":50,"column":98}},"32":{"start":{"line":54,"column":0},"end":{"line":79,"column":1}},"33":{"start":{"line":56,"column":4},"end":{"line":77,"column":5}},"34":{"start":{"line":57,"column":24},"end":{"line":67,"column":9}},"35":{"start":{"line":68,"column":24},"end":{"line":68,"column":96}},"36":{"start":{"line":69,"column":7},"end":{"line":73,"column":8}},"37":{"start":{"line":70,"column":8},"end":{"line":70,"column":31}},"38":{"start":{"line":72,"column":8},"end":{"line":72,"column":93}},"39":{"start":{"line":76,"column":8},"end":{"line":76,"column":98}},"40":{"start":{"line":81,"column":0},"end":{"line":109,"column":1}},"41":{"start":{"line":83,"column":3},"end":{"line":108,"column":4}},"42":{"start":{"line":84,"column":23},"end":{"line":84,"column":36}},"43":{"start":{"line":85,"column":19},"end":{"line":85,"column":59}},"44":{"start":{"line":86,"column":4},"end":{"line":86,"column":23}},"45":{"start":{"line":88,"column":20},"end":{"line":98,"column":5}},"46":{"start":{"line":99,"column":20},"end":{"line":99,"column":106}},"47":{"start":{"line":100,"column":4},"end":{"line":104,"column":8}},"48":{"start":{"line":101,"column":8},"end":{"line":101,"column":31}},"49":{"start":{"line":103,"column":8},"end":{"line":103,"column":93}},"50":{"start":{"line":106,"column":8},"end":{"line":106,"column":27}},"51":{"start":{"line":107,"column":8},"end":{"line":107,"column":102}},"52":{"start":{"line":111,"column":0},"end":{"line":127,"column":1}},"53":{"start":{"line":113,"column":4},"end":{"line":126,"column":5}},"54":{"start":{"line":114,"column":27},"end":{"line":114,"column":40}},"55":{"start":{"line":115,"column":19},"end":{"line":115,"column":59}},"56":{"start":{"line":116,"column":4},"end":{"line":116,"column":23}},"57":{"start":{"line":117,"column":20},"end":{"line":117,"column":97}},"58":{"start":{"line":118,"column":4},"end":{"line":122,"column":8}},"59":{"start":{"line":119,"column":8},"end":{"line":119,"column":31}},"60":{"start":{"line":121,"column":8},"end":{"line":121,"column":92}},"61":{"start":{"line":124,"column":8},"end":{"line":124,"column":38}},"62":{"start":{"line":125,"column":8},"end":{"line":125,"column":92}},"63":{"start":{"line":133,"column":1},"end":{"line":146,"column":1}},"64":{"start":{"line":135,"column":3},"end":{"line":145,"column":4}},"65":{"start":{"line":136,"column":23},"end":{"line":136,"column":82}},"66":{"start":{"line":137,"column":3},"end":{"line":141,"column":5}},"67":{"start":{"line":138,"column":7},"end":{"line":138,"column":27}},"68":{"start":{"line":139,"column":7},"end":{"line":139,"column":56}},"69":{"start":{"line":140,"column":7},"end":{"line":140,"column":37}},"70":{"start":{"line":143,"column":7},"end":{"line":143,"column":38}},"71":{"start":{"line":144,"column":7},"end":{"line":144,"column":97}},"72":{"start":{"line":148,"column":0},"end":{"line":169,"column":1}},"73":{"start":{"line":150,"column":3},"end":{"line":168,"column":4}},"74":{"start":{"line":151,"column":26},"end":{"line":151,"column":39}},"75":{"start":{"line":152,"column":18},"end":{"line":152,"column":58}},"76":{"start":{"line":153,"column":3},"end":{"line":153,"column":22}},"77":{"start":{"line":154,"column":19},"end":{"line":154,"column":93}},"78":{"start":{"line":155,"column":3},"end":{"line":157,"column":4}},"79":{"start":{"line":156,"column":7},"end":{"line":156,"column":67}},"80":{"start":{"line":158,"column":3},"end":{"line":158,"column":24}},"81":{"start":{"line":159,"column":3},"end":{"line":164,"column":4}},"82":{"start":{"line":160,"column":7},"end":{"line":160,"column":27}},"83":{"start":{"line":161,"column":7},"end":{"line":161,"column":56}},"84":{"start":{"line":162,"column":7},"end":{"line":162,"column":37}},"85":{"start":{"line":166,"column":7},"end":{"line":166,"column":25}},"86":{"start":{"line":167,"column":7},"end":{"line":167,"column":97}},"87":{"start":{"line":171,"column":0},"end":{"line":196,"column":1}},"88":{"start":{"line":173,"column":3},"end":{"line":194,"column":4}},"89":{"start":{"line":174,"column":23},"end":{"line":184,"column":8}},"90":{"start":{"line":185,"column":23},"end":{"line":185,"column":94}},"91":{"start":{"line":186,"column":6},"end":{"line":190,"column":7}},"92":{"start":{"line":187,"column":7},"end":{"line":187,"column":30}},"93":{"start":{"line":189,"column":7},"end":{"line":189,"column":92}},"94":{"start":{"line":193,"column":7},"end":{"line":193,"column":97}},"95":{"start":{"line":198,"column":0},"end":{"line":226,"column":1}},"96":{"start":{"line":200,"column":2},"end":{"line":225,"column":3}},"97":{"start":{"line":201,"column":22},"end":{"line":201,"column":35}},"98":{"start":{"line":202,"column":18},"end":{"line":202,"column":58}},"99":{"start":{"line":203,"column":3},"end":{"line":203,"column":22}},"100":{"start":{"line":205,"column":19},"end":{"line":215,"column":4}},"101":{"start":{"line":216,"column":19},"end":{"line":216,"column":104}},"102":{"start":{"line":217,"column":3},"end":{"line":221,"column":7}},"103":{"start":{"line":218,"column":7},"end":{"line":218,"column":30}},"104":{"start":{"line":220,"column":7},"end":{"line":220,"column":92}},"105":{"start":{"line":223,"column":7},"end":{"line":223,"column":26}},"106":{"start":{"line":224,"column":7},"end":{"line":224,"column":101}},"107":{"start":{"line":228,"column":0},"end":{"line":244,"column":1}},"108":{"start":{"line":230,"column":3},"end":{"line":243,"column":4}},"109":{"start":{"line":231,"column":26},"end":{"line":231,"column":39}},"110":{"start":{"line":232,"column":18},"end":{"line":232,"column":58}},"111":{"start":{"line":233,"column":3},"end":{"line":233,"column":22}},"112":{"start":{"line":234,"column":19},"end":{"line":234,"column":95}},"113":{"start":{"line":235,"column":3},"end":{"line":239,"column":7}},"114":{"start":{"line":236,"column":7},"end":{"line":236,"column":30}},"115":{"start":{"line":238,"column":7},"end":{"line":238,"column":91}},"116":{"start":{"line":241,"column":7},"end":{"line":241,"column":37}},"117":{"start":{"line":242,"column":7},"end":{"line":242,"column":91}},"118":{"start":{"line":247,"column":0},"end":{"line":247,"column":24}}},"fnMap":{"0":{"name":"(anonymous_0)","decl":{"start":{"line":11,"column":18},"end":{"line":11,"column":19}},"loc":{"start":{"line":11,"column":44},"end":{"line":14,"column":1}},"line":11},"1":{"name":"(anonymous_1)","decl":{"start":{"line":16,"column":21},"end":{"line":16,"column":22}},"loc":{"start":{"line":16,"column":47},"end":{"line":29,"column":1}},"line":16},"2":{"name":"(anonymous_2)","decl":{"start":{"line":20,"column":27},"end":{"line":20,"column":28}},"loc":{"start":{"line":20,"column":40},"end":{"line":24,"column":5}},"line":20},"3":{"name":"(anonymous_3)","decl":{"start":{"line":31,"column":24},"end":{"line":31,"column":25}},"loc":{"start":{"line":31,"column":50},"end":{"line":52,"column":1}},"line":31},"4":{"name":"(anonymous_4)","decl":{"start":{"line":42,"column":27},"end":{"line":42,"column":28}},"loc":{"start":{"line":42,"column":40},"end":{"line":46,"column":5}},"line":42},"5":{"name":"(anonymous_5)","decl":{"start":{"line":54,"column":25},"end":{"line":54,"column":26}},"loc":{"start":{"line":54,"column":51},"end":{"line":79,"column":1}},"line":54},"6":{"name":"(anonymous_6)","decl":{"start":{"line":81,"column":25},"end":{"line":81,"column":26}},"loc":{"start":{"line":81,"column":51},"end":{"line":109,"column":1}},"line":81},"7":{"name":"(anonymous_7)","decl":{"start":{"line":111,"column":25},"end":{"line":111,"column":26}},"loc":{"start":{"line":111,"column":51},"end":{"line":127,"column":1}},"line":111},"8":{"name":"(anonymous_8)","decl":{"start":{"line":133,"column":21},"end":{"line":133,"column":22}},"loc":{"start":{"line":133,"column":47},"end":{"line":146,"column":1}},"line":133},"9":{"name":"(anonymous_9)","decl":{"start":{"line":137,"column":26},"end":{"line":137,"column":27}},"loc":{"start":{"line":137,"column":39},"end":{"line":141,"column":4}},"line":137},"10":{"name":"(anonymous_10)","decl":{"start":{"line":148,"column":23},"end":{"line":148,"column":24}},"loc":{"start":{"line":148,"column":49},"end":{"line":169,"column":1}},"line":148},"11":{"name":"(anonymous_11)","decl":{"start":{"line":159,"column":26},"end":{"line":159,"column":27}},"loc":{"start":{"line":159,"column":39},"end":{"line":163,"column":4}},"line":159},"12":{"name":"(anonymous_12)","decl":{"start":{"line":171,"column":24},"end":{"line":171,"column":25}},"loc":{"start":{"line":171,"column":50},"end":{"line":196,"column":1}},"line":171},"13":{"name":"(anonymous_13)","decl":{"start":{"line":198,"column":24},"end":{"line":198,"column":25}},"loc":{"start":{"line":198,"column":50},"end":{"line":226,"column":1}},"line":198},"14":{"name":"(anonymous_14)","decl":{"start":{"line":228,"column":24},"end":{"line":228,"column":25}},"loc":{"start":{"line":228,"column":50},"end":{"line":244,"column":1}},"line":228}},"branchMap":{"0":{"loc":{"start":{"line":27,"column":38},"end":{"line":27,"column":96}},"type":"binary-expr","locations":[{"start":{"line":27,"column":38},"end":{"line":27,"column":51}},{"start":{"line":27,"column":55},"end":{"line":27,"column":96}}],"line":27},"1":{"loc":{"start":{"line":38,"column":4},"end":{"line":40,"column":5}},"type":"if","locations":[{"start":{"line":38,"column":4},"end":{"line":40,"column":5}},{"start":{},"end":{}}],"line":38},"2":{"loc":{"start":{"line":50,"column":38},"end":{"line":50,"column":96}},"type":"binary-expr","locations":[{"start":{"line":50,"column":38},"end":{"line":50,"column":51}},{"start":{"line":50,"column":55},"end":{"line":50,"column":96}}],"line":50},"3":{"loc":{"start":{"line":69,"column":7},"end":{"line":73,"column":8}},"type":"if","locations":[{"start":{"line":69,"column":7},"end":{"line":73,"column":8}},{"start":{"line":71,"column":13},"end":{"line":73,"column":8}}],"line":69},"4":{"loc":{"start":{"line":72,"column":29},"end":{"line":72,"column":92}},"type":"binary-expr","locations":[{"start":{"line":72,"column":29},"end":{"line":72,"column":43}},{"start":{"line":72,"column":47},"end":{"line":72,"column":92}}],"line":72},"5":{"loc":{"start":{"line":76,"column":38},"end":{"line":76,"column":96}},"type":"binary-expr","locations":[{"start":{"line":76,"column":38},"end":{"line":76,"column":51}},{"start":{"line":76,"column":55},"end":{"line":76,"column":96}}],"line":76},"6":{"loc":{"start":{"line":100,"column":4},"end":{"line":104,"column":8}},"type":"if","locations":[{"start":{"line":100,"column":4},"end":{"line":104,"column":8}},{"start":{"line":102,"column":13},"end":{"line":104,"column":8}}],"line":100},"7":{"loc":{"start":{"line":103,"column":29},"end":{"line":103,"column":92}},"type":"binary-expr","locations":[{"start":{"line":103,"column":29},"end":{"line":103,"column":43}},{"start":{"line":103,"column":47},"end":{"line":103,"column":92}}],"line":103},"8":{"loc":{"start":{"line":107,"column":38},"end":{"line":107,"column":100}},"type":"binary-expr","locations":[{"start":{"line":107,"column":38},"end":{"line":107,"column":51}},{"start":{"line":107,"column":55},"end":{"line":107,"column":100}}],"line":107},"9":{"loc":{"start":{"line":118,"column":4},"end":{"line":122,"column":8}},"type":"if","locations":[{"start":{"line":118,"column":4},"end":{"line":122,"column":8}},{"start":{"line":120,"column":13},"end":{"line":122,"column":8}}],"line":118},"10":{"loc":{"start":{"line":121,"column":29},"end":{"line":121,"column":91}},"type":"binary-expr","locations":[{"start":{"line":121,"column":29},"end":{"line":121,"column":42}},{"start":{"line":121,"column":46},"end":{"line":121,"column":91}}],"line":121},"11":{"loc":{"start":{"line":125,"column":29},"end":{"line":125,"column":91}},"type":"binary-expr","locations":[{"start":{"line":125,"column":29},"end":{"line":125,"column":42}},{"start":{"line":125,"column":46},"end":{"line":125,"column":91}}],"line":125},"12":{"loc":{"start":{"line":144,"column":37},"end":{"line":144,"column":95}},"type":"binary-expr","locations":[{"start":{"line":144,"column":37},"end":{"line":144,"column":50}},{"start":{"line":144,"column":54},"end":{"line":144,"column":95}}],"line":144},"13":{"loc":{"start":{"line":155,"column":3},"end":{"line":157,"column":4}},"type":"if","locations":[{"start":{"line":155,"column":3},"end":{"line":157,"column":4}},{"start":{},"end":{}}],"line":155},"14":{"loc":{"start":{"line":167,"column":37},"end":{"line":167,"column":95}},"type":"binary-expr","locations":[{"start":{"line":167,"column":37},"end":{"line":167,"column":50}},{"start":{"line":167,"column":54},"end":{"line":167,"column":95}}],"line":167},"15":{"loc":{"start":{"line":186,"column":6},"end":{"line":190,"column":7}},"type":"if","locations":[{"start":{"line":186,"column":6},"end":{"line":190,"column":7}},{"start":{"line":188,"column":12},"end":{"line":190,"column":7}}],"line":186},"16":{"loc":{"start":{"line":189,"column":28},"end":{"line":189,"column":91}},"type":"binary-expr","locations":[{"start":{"line":189,"column":28},"end":{"line":189,"column":42}},{"start":{"line":189,"column":46},"end":{"line":189,"column":91}}],"line":189},"17":{"loc":{"start":{"line":193,"column":37},"end":{"line":193,"column":95}},"type":"binary-expr","locations":[{"start":{"line":193,"column":37},"end":{"line":193,"column":50}},{"start":{"line":193,"column":54},"end":{"line":193,"column":95}}],"line":193},"18":{"loc":{"start":{"line":217,"column":3},"end":{"line":221,"column":7}},"type":"if","locations":[{"start":{"line":217,"column":3},"end":{"line":221,"column":7}},{"start":{"line":219,"column":12},"end":{"line":221,"column":7}}],"line":217},"19":{"loc":{"start":{"line":220,"column":28},"end":{"line":220,"column":91}},"type":"binary-expr","locations":[{"start":{"line":220,"column":28},"end":{"line":220,"column":42}},{"start":{"line":220,"column":46},"end":{"line":220,"column":91}}],"line":220},"20":{"loc":{"start":{"line":224,"column":37},"end":{"line":224,"column":99}},"type":"binary-expr","locations":[{"start":{"line":224,"column":37},"end":{"line":224,"column":50}},{"start":{"line":224,"column":54},"end":{"line":224,"column":99}}],"line":224},"21":{"loc":{"start":{"line":235,"column":3},"end":{"line":239,"column":7}},"type":"if","locations":[{"start":{"line":235,"column":3},"end":{"line":239,"column":7}},{"start":{"line":237,"column":12},"end":{"line":239,"column":7}}],"line":235},"22":{"loc":{"start":{"line":238,"column":28},"end":{"line":238,"column":90}},"type":"binary-expr","locations":[{"start":{"line":238,"column":28},"end":{"line":238,"column":41}},{"start":{"line":238,"column":45},"end":{"line":238,"column":90}}],"line":238},"23":{"loc":{"start":{"line":242,"column":28},"end":{"line":242,"column":90}},"type":"binary-expr","locations":[{"start":{"line":242,"column":28},"end":{"line":242,"column":41}},{"start":{"line":242,"column":45},"end":{"line":242,"column":90}}],"line":242}},"s":{"0":2,"1":2,"2":2,"3":2,"4":2,"5":2,"6":2,"7":1,"8":2,"9":0,"10":0,"11":0,"12":0,"13":0,"14":0,"15":0,"16":0,"17":2,"18":0,"19":0,"20":0,"21":0,"22":0,"23":0,"24":0,"25":0,"26":0,"27":0,"28":0,"29":0,"30":0,"31":0,"32":2,"33":0,"34":0,"35":0,"36":0,"37":0,"38":0,"39":0,"40":2,"41":0,"42":0,"43":0,"44":0,"45":0,"46":0,"47":0,"48":0,"49":0,"50":0,"51":0,"52":2,"53":0,"54":0,"55":0,"56":0,"57":0,"58":0,"59":0,"60":0,"61":0,"62":0,"63":2,"64":0,"65":0,"66":0,"67":0,"68":0,"69":0,"70":0,"71":0,"72":2,"73":0,"74":0,"75":0,"76":0,"77":0,"78":0,"79":0,"80":0,"81":0,"82":0,"83":0,"84":0,"85":0,"86":0,"87":2,"88":0,"89":0,"90":0,"91":0,"92":0,"93":0,"94":0,"95":2,"96":0,"97":0,"98":0,"99":0,"100":0,"101":0,"102":0,"103":0,"104":0,"105":0,"106":0,"107":2,"108":0,"109":0,"110":0,"111":0,"112":0,"113":0,"114":0,"115":0,"116":0,"117":0,"118":2},"f":{"0":1,"1":0,"2":0,"3":0,"4":0,"5":0,"6":0,"7":0,"8":0,"9":0,"10":0,"11":0,"12":0,"13":0,"14":0},"b":{"0":[0,0],"1":[0,0],"2":[0,0],"3":[0,0],"4":[0,0],"5":[0,0],"6":[0,0],"7":[0,0],"8":[0,0],"9":[0,0],"10":[0,0],"11":[0,0],"12":[0,0],"13":[0,0],"14":[0,0],"15":[0,0],"16":[0,0],"17":[0,0],"18":[0,0],"19":[0,0],"20":[0,0],"21":[0,0],"22":[0,0],"23":[0,0]},"_coverageSchema":"1a1c01bbd47fc00a2c39e90264f33305004495a9","hash":"d7d57f4ab01d7518c8c803ca4b339114a6a8a55d"}
,"S:\\BYU\\CSE341\\cse341-project2\\database-connection\\mongoDB.js": {"path":"S:\\BYU\\CSE341\\cse341-project2\\database-connection\\mongoDB.js","statementMap":{"0":{"start":{"line":1,"column":15},"end":{"line":1,"column":41}},"1":{"start":{"line":3,"column":20},"end":{"line":3,"column":50}},"2":{"start":{"line":7,"column":15},"end":{"line":24,"column":1}},"3":{"start":{"line":8,"column":4},"end":{"line":11,"column":5}},"4":{"start":{"line":9,"column":8},"end":{"line":9,"column":54}},"5":{"start":{"line":10,"column":8},"end":{"line":10,"column":40}},"6":{"start":{"line":12,"column":4},"end":{"line":21,"column":5}},"7":{"start":{"line":14,"column":8},"end":{"line":14,"column":26}},"8":{"start":{"line":15,"column":8},"end":{"line":15,"column":58}},"9":{"start":{"line":16,"column":8},"end":{"line":16,"column":32}},"10":{"start":{"line":20,"column":3},"end":{"line":20,"column":17}},"11":{"start":{"line":26,"column":14},"end":{"line":31,"column":1}},"12":{"start":{"line":27,"column":4},"end":{"line":29,"column":5}},"13":{"start":{"line":28,"column":8},"end":{"line":28,"column":48}},"14":{"start":{"line":30,"column":4},"end":{"line":30,"column":19}},"15":{"start":{"line":34,"column":0},"end":{"line":34,"column":32}}},"fnMap":{"0":{"name":"(anonymous_0)","decl":{"start":{"line":7,"column":15},"end":{"line":7,"column":16}},"loc":{"start":{"line":7,"column":29},"end":{"line":24,"column":1}},"line":7},"1":{"name":"(anonymous_1)","decl":{"start":{"line":13,"column":14},"end":{"line":13,"column":15}},"loc":{"start":{"line":13,"column":25},"end":{"line":17,"column":5}},"line":13},"2":{"name":"(anonymous_2)","decl":{"start":{"line":19,"column":10},"end":{"line":19,"column":11}},"loc":{"start":{"line":19,"column":19},"end":{"line":21,"column":4}},"line":19},"3":{"name":"(anonymous_3)","decl":{"start":{"line":26,"column":14},"end":{"line":26,"column":15}},"loc":{"start":{"line":26,"column":19},"end":{"line":31,"column":1}},"line":26}},"branchMap":{"0":{"loc":{"start":{"line":8,"column":4},"end":{"line":11,"column":5}},"type":"if","locations":[{"start":{"line":8,"column":4},"end":{"line":11,"column":5}},{"start":{},"end":{}}],"line":8},"1":{"loc":{"start":{"line":27,"column":4},"end":{"line":29,"column":5}},"type":"if","locations":[{"start":{"line":27,"column":4},"end":{"line":29,"column":5}},{"start":{},"end":{}}],"line":27}},"s":{"0":2,"1":2,"2":2,"3":2,"4":0,"5":0,"6":2,"7":0,"8":0,"9":0,"10":0,"11":2,"12":0,"13":0,"14":0,"15":2},"f":{"0":2,"1":0,"2":0,"3":0},"b":{"0":[0,2],"1":[0,0]},"_coverageSchema":"1a1c01bbd47fc00a2c39e90264f33305004495a9","hash":"a30e4f28f40c4de4fac89147986b66b338de9296"}
,"S:\\BYU\\CSE341\\cse341-project2\\middle-ware\\index.js": {"path":"S:\\BYU\\CSE341\\cse341-project2\\middle-ware\\index.js","statementMap":{"0":{"start":{"line":1,"column":22},"end":{"line":6,"column":1}},"1":{"start":{"line":2,"column":4},"end":{"line":4,"column":5}},"2":{"start":{"line":3,"column":8},"end":{"line":3,"column":57}},"3":{"start":{"line":5,"column":4},"end":{"line":5,"column":10}},"4":{"start":{"line":8,"column":0},"end":{"line":8,"column":32}}},"fnMap":{"0":{"name":"(anonymous_0)","decl":{"start":{"line":1,"column":22},"end":{"line":1,"column":23}},"loc":{"start":{"line":1,"column":41},"end":{"line":6,"column":1}},"line":1}},"branchMap":{"0":{"loc":{"start":{"line":2,"column":4},"end":{"line":4,"column":5}},"type":"if","locations":[{"start":{"line":2,"column":4},"end":{"line":4,"column":5}},{"start":{},"end":{}}],"line":2}},"s":{"0":2,"1":0,"2":0,"3":0,"4":2},"f":{"0":0},"b":{"0":[0,0]},"_coverageSchema":"1a1c01bbd47fc00a2c39e90264f33305004495a9","hash":"3195138bfcc3dc5c51a44b05eacd327c7a690ba0"}
,"S:\\BYU\\CSE341\\cse341-project2\\models\\user-model.js": {"path":"S:\\BYU\\CSE341\\cse341-project2\\models\\user-model.js","statementMap":{"0":{"start":{"line":1,"column":18},"end":{"line":1,"column":59}},"1":{"start":{"line":2,"column":21},"end":{"line":2,"column":39}},"2":{"start":{"line":4,"column":23},"end":{"line":4,"column":32}},"3":{"start":{"line":5,"column":18},"end":{"line":5,"column":20}},"4":{"start":{"line":7,"column":19},"end":{"line":10,"column":1}},"5":{"start":{"line":13,"column":21},"end":{"line":21,"column":1}},"6":{"start":{"line":14,"column":4},"end":{"line":20,"column":5}},"7":{"start":{"line":15,"column":8},"end":{"line":19,"column":9}},"8":{"start":{"line":16,"column":12},"end":{"line":18,"column":13}},"9":{"start":{"line":17,"column":16},"end":{"line":17,"column":88}},"10":{"start":{"line":23,"column":24},"end":{"line":45,"column":1}},"11":{"start":{"line":25,"column":4},"end":{"line":25,"column":23}},"12":{"start":{"line":28,"column":19},"end":{"line":28,"column":80}},"13":{"start":{"line":31,"column":4},"end":{"line":38,"column":5}},"14":{"start":{"line":32,"column":8},"end":{"line":32,"column":54}},"15":{"start":{"line":35,"column":8},"end":{"line":35,"column":37}},"16":{"start":{"line":37,"column":8},"end":{"line":37,"column":76}},"17":{"start":{"line":41,"column":4},"end":{"line":41,"column":24}},"18":{"start":{"line":44,"column":4},"end":{"line":44,"column":16}},"19":{"start":{"line":48,"column":26},"end":{"line":58,"column":1}},"20":{"start":{"line":49,"column":4},"end":{"line":57,"column":5}},"21":{"start":{"line":51,"column":23},"end":{"line":51,"column":25}},"22":{"start":{"line":52,"column":21},"end":{"line":52,"column":87}},"23":{"start":{"line":53,"column":8},"end":{"line":53,"column":20}},"24":{"start":{"line":55,"column":8},"end":{"line":55,"column":55}},"25":{"start":{"line":56,"column":8},"end":{"line":56,"column":20}},"26":{"start":{"line":61,"column":32},"end":{"line":71,"column":1}},"27":{"start":{"line":63,"column":4},"end":{"line":63,"column":25}},"28":{"start":{"line":64,"column":17},"end":{"line":64,"column":92}},"29":{"start":{"line":65,"column":4},"end":{"line":67,"column":5}},"30":{"start":{"line":66,"column":8},"end":{"line":66,"column":66}},"31":{"start":{"line":68,"column":4},"end":{"line":68,"column":22}},"32":{"start":{"line":69,"column":4},"end":{"line":69,"column":15}},"33":{"start":{"line":73,"column":32},"end":{"line":83,"column":1}},"34":{"start":{"line":75,"column":4},"end":{"line":75,"column":25}},"35":{"start":{"line":76,"column":17},"end":{"line":76,"column":92}},"36":{"start":{"line":77,"column":4},"end":{"line":79,"column":5}},"37":{"start":{"line":78,"column":8},"end":{"line":78,"column":66}},"38":{"start":{"line":80,"column":4},"end":{"line":80,"column":22}},"39":{"start":{"line":81,"column":4},"end":{"line":81,"column":15}},"40":{"start":{"line":85,"column":0},"end":{"line":85,"column":106}}},"fnMap":{"0":{"name":"(anonymous_0)","decl":{"start":{"line":13,"column":21},"end":{"line":13,"column":22}},"loc":{"start":{"line":13,"column":31},"end":{"line":21,"column":1}},"line":13},"1":{"name":"(anonymous_1)","decl":{"start":{"line":23,"column":24},"end":{"line":23,"column":25}},"loc":{"start":{"line":23,"column":40},"end":{"line":45,"column":1}},"line":23},"2":{"name":"(anonymous_2)","decl":{"start":{"line":48,"column":26},"end":{"line":48,"column":27}},"loc":{"start":{"line":48,"column":40},"end":{"line":58,"column":1}},"line":48},"3":{"name":"(anonymous_3)","decl":{"start":{"line":61,"column":32},"end":{"line":61,"column":33}},"loc":{"start":{"line":61,"column":52},"end":{"line":71,"column":1}},"line":61},"4":{"name":"(anonymous_4)","decl":{"start":{"line":73,"column":32},"end":{"line":73,"column":33}},"loc":{"start":{"line":73,"column":52},"end":{"line":83,"column":1}},"line":73}},"branchMap":{"0":{"loc":{"start":{"line":15,"column":8},"end":{"line":19,"column":9}},"type":"if","locations":[{"start":{"line":15,"column":8},"end":{"line":19,"column":9}},{"start":{},"end":{}}],"line":15},"1":{"loc":{"start":{"line":16,"column":12},"end":{"line":18,"column":13}},"type":"if","locations":[{"start":{"line":16,"column":12},"end":{"line":18,"column":13}},{"start":{},"end":{}}],"line":16},"2":{"loc":{"start":{"line":31,"column":4},"end":{"line":38,"column":5}},"type":"if","locations":[{"start":{"line":31,"column":4},"end":{"line":38,"column":5}},{"start":{"line":36,"column":11},"end":{"line":38,"column":5}}],"line":31},"3":{"loc":{"start":{"line":65,"column":4},"end":{"line":67,"column":5}},"type":"if","locations":[{"start":{"line":65,"column":4},"end":{"line":67,"column":5}},{"start":{},"end":{}}],"line":65},"4":{"loc":{"start":{"line":77,"column":4},"end":{"line":79,"column":5}},"type":"if","locations":[{"start":{"line":77,"column":4},"end":{"line":79,"column":5}},{"start":{},"end":{}}],"line":77}},"s":{"0":2,"1":2,"2":2,"3":2,"4":2,"5":2,"6":0,"7":0,"8":0,"9":0,"10":2,"11":0,"12":0,"13":0,"14":0,"15":0,"16":0,"17":0,"18":0,"19":2,"20":0,"21":0,"22":0,"23":0,"24":0,"25":0,"26":2,"27":0,"28":0,"29":0,"30":0,"31":0,"32":0,"33":2,"34":0,"35":0,"36":0,"37":0,"38":0,"39":0,"40":2},"f":{"0":0,"1":0,"2":0,"3":0,"4":0},"b":{"0":[0,0],"1":[0,0],"2":[0,0],"3":[0,0],"4":[0,0]},"_coverageSchema":"1a1c01bbd47fc00a2c39e90264f33305004495a9","hash":"ca3efaab45d52d25d447fc14c459b4e898e48f67"}
,"S:\\BYU\\CSE341\\cse341-project2\\passportConfig\\passport-setup.js": {"path":"S:\\BYU\\CSE341\\cse341-project2\\passportConfig\\passport-setup.js","statementMap":{"0":{"start":{"line":1,"column":0},"end":{"line":1,"column":27}},"1":{"start":{"line":2,"column":17},"end":{"line":2,"column":36}},"2":{"start":{"line":3,"column":23},"end":{"line":3,"column":57}},"3":{"start":{"line":4,"column":23},"end":{"line":4,"column":50}},"4":{"start":{"line":5,"column":78},"end":{"line":5,"column":109}},"5":{"start":{"line":8,"column":0},"end":{"line":10,"column":3}},"6":{"start":{"line":9,"column":4},"end":{"line":9,"column":21}},"7":{"start":{"line":13,"column":0},"end":{"line":15,"column":3}},"8":{"start":{"line":14,"column":4},"end":{"line":14,"column":21}},"9":{"start":{"line":17,"column":0},"end":{"line":44,"column":4}},"10":{"start":{"line":23,"column":4},"end":{"line":23,"column":40}},"11":{"start":{"line":24,"column":4},"end":{"line":24,"column":24}},"12":{"start":{"line":25,"column":4},"end":{"line":43,"column":5}},"13":{"start":{"line":26,"column":19},"end":{"line":26,"column":60}},"14":{"start":{"line":28,"column":8},"end":{"line":37,"column":9}},"15":{"start":{"line":29,"column":12},"end":{"line":32,"column":15}},"16":{"start":{"line":33,"column":12},"end":{"line":33,"column":51}},"17":{"start":{"line":36,"column":12},"end":{"line":36,"column":45}},"18":{"start":{"line":39,"column":8},"end":{"line":39,"column":25}},"19":{"start":{"line":41,"column":8},"end":{"line":41,"column":65}},"20":{"start":{"line":42,"column":8},"end":{"line":42,"column":24}},"21":{"start":{"line":50,"column":0},"end":{"line":77,"column":4}},"22":{"start":{"line":56,"column":4},"end":{"line":56,"column":40}},"23":{"start":{"line":57,"column":4},"end":{"line":57,"column":24}},"24":{"start":{"line":58,"column":4},"end":{"line":76,"column":5}},"25":{"start":{"line":59,"column":19},"end":{"line":59,"column":60}},"26":{"start":{"line":61,"column":8},"end":{"line":70,"column":9}},"27":{"start":{"line":62,"column":12},"end":{"line":65,"column":15}},"28":{"start":{"line":66,"column":12},"end":{"line":66,"column":51}},"29":{"start":{"line":69,"column":12},"end":{"line":69,"column":45}},"30":{"start":{"line":72,"column":8},"end":{"line":72,"column":25}},"31":{"start":{"line":74,"column":8},"end":{"line":74,"column":65}},"32":{"start":{"line":75,"column":8},"end":{"line":75,"column":24}}},"fnMap":{"0":{"name":"(anonymous_0)","decl":{"start":{"line":8,"column":23},"end":{"line":8,"column":24}},"loc":{"start":{"line":8,"column":39},"end":{"line":10,"column":1}},"line":8},"1":{"name":"(anonymous_1)","decl":{"start":{"line":13,"column":25},"end":{"line":13,"column":26}},"loc":{"start":{"line":13,"column":41},"end":{"line":15,"column":1}},"line":13},"2":{"name":"(anonymous_2)","decl":{"start":{"line":22,"column":3},"end":{"line":22,"column":4}},"loc":{"start":{"line":22,"column":55},"end":{"line":44,"column":1}},"line":22},"3":{"name":"(anonymous_3)","decl":{"start":{"line":55,"column":3},"end":{"line":55,"column":4}},"loc":{"start":{"line":55,"column":55},"end":{"line":77,"column":1}},"line":55}},"branchMap":{"0":{"loc":{"start":{"line":28,"column":8},"end":{"line":37,"column":9}},"type":"if","locations":[{"start":{"line":28,"column":8},"end":{"line":37,"column":9}},{"start":{"line":35,"column":15},"end":{"line":37,"column":9}}],"line":28},"1":{"loc":{"start":{"line":61,"column":8},"end":{"line":70,"column":9}},"type":"if","locations":[{"start":{"line":61,"column":8},"end":{"line":70,"column":9}},{"start":{"line":68,"column":15},"end":{"line":70,"column":9}}],"line":61}},"s":{"0":2,"1":2,"2":2,"3":2,"4":2,"5":2,"6":0,"7":2,"8":0,"9":2,"10":0,"11":0,"12":0,"13":0,"14":0,"15":0,"16":0,"17":0,"18":0,"19":0,"20":0,"21":2,"22":0,"23":0,"24":0,"25":0,"26":0,"27":0,"28":0,"29":0,"30":0,"31":0,"32":0},"f":{"0":0,"1":0,"2":0,"3":0},"b":{"0":[0,0],"1":[0,0]},"_coverageSchema":"1a1c01bbd47fc00a2c39e90264f33305004495a9","hash":"3f9b314a37344b73cb6bbcc625a4a6e6cbfa0182"}
,"S:\\BYU\\CSE341\\cse341-project2\\routes\\auth.js": {"path":"S:\\BYU\\CSE341\\cse341-project2\\routes\\auth.js","statementMap":{"0":{"start":{"line":1,"column":15},"end":{"line":1,"column":42}},"1":{"start":{"line":2,"column":19},"end":{"line":2,"column":48}},"2":{"start":{"line":3,"column":17},"end":{"line":3,"column":36}},"3":{"start":{"line":5,"column":0},"end":{"line":5,"column":42}},"4":{"start":{"line":7,"column":0},"end":{"line":7,"column":43}},"5":{"start":{"line":9,"column":0},"end":{"line":9,"column":45}},"6":{"start":{"line":11,"column":0},"end":{"line":11,"column":75}},"7":{"start":{"line":13,"column":0},"end":{"line":13,"column":97}},"8":{"start":{"line":15,"column":0},"end":{"line":15,"column":75}},"9":{"start":{"line":17,"column":0},"end":{"line":17,"column":97}},"10":{"start":{"line":21,"column":0},"end":{"line":21,"column":24}}},"fnMap":{},"branchMap":{},"s":{"0":2,"1":2,"2":2,"3":2,"4":2,"5":2,"6":2,"7":2,"8":2,"9":2,"10":2},"f":{},"b":{},"_coverageSchema":"1a1c01bbd47fc00a2c39e90264f33305004495a9","hash":"1cde9395bc28eaa9ddd7234f59d8acf43acf5e2b"}
,"S:\\BYU\\CSE341\\cse341-project2\\routes\\index.js": {"path":"S:\\BYU\\CSE341\\cse341-project2\\routes\\index.js","statementMap":{"0":{"start":{"line":1,"column":15},"end":{"line":1,"column":42}},"1":{"start":{"line":2,"column":17},"end":{"line":2,"column":36}},"2":{"start":{"line":3,"column":24},"end":{"line":3,"column":49}},"3":{"start":{"line":4,"column":19},"end":{"line":4,"column":52}},"4":{"start":{"line":6,"column":19},"end":{"line":6,"column":42}},"5":{"start":{"line":9,"column":0},"end":{"line":9,"column":36}},"6":{"start":{"line":11,"column":0},"end":{"line":11,"column":37}},"7":{"start":{"line":19,"column":0},"end":{"line":19,"column":42}},"8":{"start":{"line":22,"column":0},"end":{"line":22,"column":80}},"9":{"start":{"line":25,"column":0},"end":{"line":25,"column":124}},"10":{"start":{"line":28,"column":0},"end":{"line":28,"column":81}},"11":{"start":{"line":31,"column":0},"end":{"line":31,"column":84}},"12":{"start":{"line":43,"column":0},"end":{"line":43,"column":40}},"13":{"start":{"line":46,"column":0},"end":{"line":46,"column":78}},"14":{"start":{"line":49,"column":0},"end":{"line":49,"column":123}},"15":{"start":{"line":52,"column":0},"end":{"line":52,"column":79}},"16":{"start":{"line":55,"column":0},"end":{"line":55,"column":82}},"17":{"start":{"line":58,"column":0},"end":{"line":58,"column":24}}},"fnMap":{},"branchMap":{},"s":{"0":2,"1":2,"2":2,"3":2,"4":2,"5":2,"6":2,"7":2,"8":2,"9":2,"10":2,"11":2,"12":2,"13":2,"14":2,"15":2,"16":2,"17":2},"f":{},"b":{},"_coverageSchema":"1a1c01bbd47fc00a2c39e90264f33305004495a9","hash":"8e3e93b68d19ffa5562d0c54369979a2ae5448e8"}
,"S:\\BYU\\CSE341\\cse341-project2\\routes\\swagger.js": {"path":"S:\\BYU\\CSE341\\cse341-project2\\routes\\swagger.js","statementMap":{"0":{"start":{"line":1,"column":15},"end":{"line":1,"column":42}},"1":{"start":{"line":2,"column":18},"end":{"line":2,"column":47}},"2":{"start":{"line":3,"column":24},"end":{"line":3,"column":50}},"3":{"start":{"line":4,"column":0},"end":{"line":4,"column":41}},"4":{"start":{"line":5,"column":0},"end":{"line":5,"column":58}},"5":{"start":{"line":7,"column":0},"end":{"line":7,"column":23}}},"fnMap":{},"branchMap":{},"s":{"0":2,"1":2,"2":2,"3":2,"4":2,"5":2},"f":{},"b":{},"_coverageSchema":"1a1c01bbd47fc00a2c39e90264f33305004495a9","hash":"421415d0458015a5df57a4629090e637290f6efc"}
}
