TN:
SF:server.js
FN:9,(anonymous_0)
FN:20,(anonymous_1)
FN:25,(anonymous_2)
FNF:3
FNH:3
FNDA:3,(anonymous_0)
FNDA:1,(anonymous_1)
FNDA:1,(anonymous_2)
DA:1,2
DA:2,2
DA:3,2
DA:4,2
DA:5,2
DA:7,2
DA:8,2
DA:9,2
DA:10,3
DA:11,3
DA:15,3
DA:16,3
DA:18,2
DA:20,2
DA:21,1
DA:22,0
DA:25,1
DA:29,2
LF:18
LH:17
BRDA:7,0,0,2
BRDA:7,0,1,2
BRDA:21,1,0,0
BRDA:21,1,1,1
BRF:4
BRH:3
end_of_record
TN:
SF:validator.js
FN:3,(anonymous_0)
FN:15,(anonymous_1)
FN:28,(anonymous_2)
FNF:3
FNH:1
FNDA:2,(anonymous_0)
FNDA:0,(anonymous_1)
FNDA:0,(anonymous_2)
DA:1,2
DA:3,2
DA:6,2
DA:15,2
DA:16,0
DA:17,0
DA:19,0
DA:21,0
DA:22,0
DA:23,0
DA:26,0
DA:28,0
DA:30,0
DA:32,0
DA:37,2
LF:15
LH:5
BRDA:21,0,0,0
BRDA:21,0,1,0
BRF:2
BRH:0
end_of_record
TN:
SF:controller\project2.js
FN:11,(anonymous_0)
FN:16,(anonymous_1)
FN:20,(anonymous_2)
FN:31,(anonymous_3)
FN:42,(anonymous_4)
FN:54,(anonymous_5)
FN:81,(anonymous_6)
FN:111,(anonymous_7)
FN:133,(anonymous_8)
FN:137,(anonymous_9)
FN:148,(anonymous_10)
FN:159,(anonymous_11)
FN:171,(anonymous_12)
FN:198,(anonymous_13)
FN:228,(anonymous_14)
FNF:15
FNH:5
FNDA:1,(anonymous_0)
FNDA:1,(anonymous_1)
FNDA:1,(anonymous_2)
FNDA:1,(anonymous_3)
FNDA:1,(anonymous_4)
FNDA:0,(anonymous_5)
FNDA:0,(anonymous_6)
FNDA:0,(anonymous_7)
FNDA:0,(anonymous_8)
FNDA:0,(anonymous_9)
FNDA:0,(anonymous_10)
FNDA:0,(anonymous_11)
FNDA:0,(anonymous_12)
FNDA:0,(anonymous_13)
FNDA:0,(anonymous_14)
DA:1,2
DA:2,2
DA:3,2
DA:5,2
DA:7,2
DA:9,2
DA:11,2
DA:13,1
DA:16,2
DA:18,1
DA:19,1
DA:20,1
DA:21,1
DA:22,1
DA:23,1
DA:26,0
DA:27,0
DA:31,2
DA:33,1
DA:34,1
DA:35,1
DA:36,1
DA:37,1
DA:38,1
DA:39,0
DA:41,1
DA:42,1
DA:43,1
DA:44,1
DA:45,1
DA:49,0
DA:50,0
DA:54,2
DA:56,0
DA:57,0
DA:68,0
DA:69,0
DA:70,0
DA:72,0
DA:76,0
DA:81,2
DA:83,0
DA:84,0
DA:85,0
DA:86,0
DA:88,0
DA:99,0
DA:100,0
DA:101,0
DA:103,0
DA:106,0
DA:107,0
DA:111,2
DA:113,0
DA:114,0
DA:115,0
DA:116,0
DA:117,0
DA:118,0
DA:119,0
DA:121,0
DA:124,0
DA:125,0
DA:133,2
DA:135,0
DA:136,0
DA:137,0
DA:138,0
DA:139,0
DA:140,0
DA:143,0
DA:144,0
DA:148,2
DA:150,0
DA:151,0
DA:152,0
DA:153,0
DA:154,0
DA:155,0
DA:156,0
DA:158,0
DA:159,0
DA:160,0
DA:161,0
DA:162,0
DA:166,0
DA:167,0
DA:171,2
DA:173,0
DA:174,0
DA:185,0
DA:186,0
DA:187,0
DA:189,0
DA:193,0
DA:198,2
DA:200,0
DA:201,0
DA:202,0
DA:203,0
DA:205,0
DA:216,0
DA:217,0
DA:218,0
DA:220,0
DA:223,0
DA:224,0
DA:228,2
DA:230,0
DA:231,0
DA:232,0
DA:233,0
DA:234,0
DA:235,0
DA:236,0
DA:238,0
DA:241,0
DA:242,0
DA:247,2
LF:119
LH:36
BRDA:27,0,0,0
BRDA:27,0,1,0
BRDA:38,1,0,0
BRDA:38,1,1,1
BRDA:50,2,0,0
BRDA:50,2,1,0
BRDA:69,3,0,0
BRDA:69,3,1,0
BRDA:72,4,0,0
BRDA:72,4,1,0
BRDA:76,5,0,0
BRDA:76,5,1,0
BRDA:100,6,0,0
BRDA:100,6,1,0
BRDA:103,7,0,0
BRDA:103,7,1,0
BRDA:107,8,0,0
BRDA:107,8,1,0
BRDA:118,9,0,0
BRDA:118,9,1,0
BRDA:121,10,0,0
BRDA:121,10,1,0
BRDA:125,11,0,0
BRDA:125,11,1,0
BRDA:144,12,0,0
BRDA:144,12,1,0
BRDA:155,13,0,0
BRDA:155,13,1,0
BRDA:167,14,0,0
BRDA:167,14,1,0
BRDA:186,15,0,0
BRDA:186,15,1,0
BRDA:189,16,0,0
BRDA:189,16,1,0
BRDA:193,17,0,0
BRDA:193,17,1,0
BRDA:217,18,0,0
BRDA:217,18,1,0
BRDA:220,19,0,0
BRDA:220,19,1,0
BRDA:224,20,0,0
BRDA:224,20,1,0
BRDA:235,21,0,0
BRDA:235,21,1,0
BRDA:238,22,0,0
BRDA:238,22,1,0
BRDA:242,23,0,0
BRDA:242,23,1,0
BRF:48
BRH:1
end_of_record
TN:
SF:database-connection\mongoDB.js
FN:7,(anonymous_0)
FN:13,(anonymous_1)
FN:19,(anonymous_2)
FN:26,(anonymous_3)
FNF:4
FNH:3
FNDA:2,(anonymous_0)
FNDA:1,(anonymous_1)
FNDA:0,(anonymous_2)
FNDA:2,(anonymous_3)
DA:1,2
DA:3,2
DA:7,2
DA:8,2
DA:9,0
DA:10,0
DA:12,2
DA:14,1
DA:15,1
DA:16,1
DA:20,0
DA:26,2
DA:27,2
DA:28,0
DA:30,2
DA:34,2
LF:16
LH:12
BRDA:8,0,0,0
BRDA:8,0,1,2
BRDA:27,1,0,0
BRDA:27,1,1,2
BRF:4
BRH:2
end_of_record
TN:
SF:routes\index.js
FNF:0
FNH:0
DA:1,2
DA:3,2
DA:4,2
DA:6,2
DA:9,2
DA:19,2
DA:22,2
DA:25,2
DA:28,2
DA:31,2
DA:34,2
LF:11
LH:11
BRF:0
BRH:0
end_of_record
